faith
He
subpoena
abstract
bay
untied
facsimile
ivory
polemicist
anthologize
anthology
perennial
erudition
indignation
procession
discontent
accrue
reprobate
adulation
diffidence
megalomaniac
deplorable
thwarted
embargo
vanity
conceit
mirth
vexation
desiccated
highbrow
paterfamilias
philistine
suttee
ordained
ostentation
pecuniary
evanescent
undue
cultivation
expense
tenacious
maiden
pogrom
fructify
stultify
titillation
substituting
constructive
dissipation
atrocious
well-to-do
dyspepsia
ordeal
poignancy
order
underground
whatnot
obloquy
agglomeration
impunity
modesty
draggled
sin
nominal
emphatic
malady
treachery
multiplicity
embellish
obstinate
odious
unequivocally
equivocally
vice
bourgeoisie
acrid
strife
definite
typical
whimsical
scale
arpeggio
epicure
ascetic
fastidious
disenchantment
manifold
spectacle
reticence
abreast
impersonal
sagacity
irreproachable
apostle
prophylactic
vicissitude
expeditious
pestilence
atrophied
coquette
emancipated
creed
self-abnegation
renunciation
banal
trolley
shackle
incompetent
shitty
pretentious
vigil
HTTP
irreverent
sultry
aspire
curio
immediate
imbue
arid
chauvinistic
contention
scintillating
droll
paragon
pervade
counterpart
intro
introspective
proposition
syllogism
exorcise
intrepid
proliferation
implicit
adversary
encapsulate
disparate
figurative
ostensibly
palpable
cogent
opt
slew
imperialist
imperialism
imperial
reactionary
conservative
conservatism
dialectical
dialectic
splice
suffuse
shudder
miasma
reprimand
rebuke
censure
bespoke
acute
Hohhot
cadre
espouse
doomsday
meteoric
sequester
radical
machination
discretion
prosecutor
prosecute
lax
sequestered
incontrovertible
sentry
scrupulous
scruples
discern
winded
precipice
staid
propriety
arduous
dais
deign
moat
solemnly
solemn
disconsolate
preliminary
politburo
dint
commissar
sparse
reclusive
lackadaisical
propitious
abstruse
throng
enunciate
Adventist
ephemeris
desolation
interminable
garner
assent
singe
equanimity
mettle
permeate
